c:\users\alexj\onedrive - the university of nottingham\c++\cppcoursework2020-v101\cppcoursework2020-v101\debug\courseworkbase2020.bsc
c:\users\alexj\onedrive - the university of nottingham\c++\cppcoursework2020-v101\cppcoursework2020-v101\debug\vc142.pdb
c:\users\alexj\onedrive - the university of nottingham\c++\cppcoursework2020-v101\cppcoursework2020-v101\debug\audiocontroller.sbr
c:\users\alexj\onedrive - the university of nottingham\c++\cppcoursework2020-v101\cppcoursework2020-v101\debug\autoobject.sbr
c:\users\alexj\onedrive - the university of nottingham\c++\cppcoursework2020-v101\cppcoursework2020-v101\debug\basicenemy.sbr
c:\users\alexj\onedrive - the university of nottingham\c++\cppcoursework2020-v101\cppcoursework2020-v101\debug\bullet.sbr
c:\users\alexj\onedrive - the university of nottingham\c++\cppcoursework2020-v101\cppcoursework2020-v101\debug\currscore.sbr
c:\users\alexj\onedrive - the university of nottingham\c++\cppcoursework2020-v101\cppcoursework2020-v101\debug\cw3object.sbr
c:\users\alexj\onedrive - the university of nottingham\c++\cppcoursework2020-v101\cppcoursework2020-v101\debug\cw4engine.sbr
c:\users\alexj\onedrive - the university of nottingham\c++\cppcoursework2020-v101\cppcoursework2020-v101\debug\cw4state.sbr
c:\users\alexj\onedrive - the university of nottingham\c++\cppcoursework2020-v101\cppcoursework2020-v101\debug\deathstar.sbr
c:\users\alexj\onedrive - the university of nottingham\c++\cppcoursework2020-v101\cppcoursework2020-v101\debug\draggingdemo.sbr
c:\users\alexj\onedrive - the university of nottingham\c++\cppcoursework2020-v101\cppcoursework2020-v101\debug\drawingsurface.sbr
c:\users\alexj\onedrive - the university of nottingham\c++\cppcoursework2020-v101\cppcoursework2020-v101\debug\dscontainer.sbr
c:\users\alexj\onedrive - the university of nottingham\c++\cppcoursework2020-v101\cppcoursework2020-v101\debug\explosion.sbr
c:\users\alexj\onedrive - the university of nottingham\c++\cppcoursework2020-v101\cppcoursework2020-v101\debug\flashingdemo.sbr
c:\users\alexj\onedrive - the university of nottingham\c++\cppcoursework2020-v101\cppcoursework2020-v101\debug\forcerock.sbr
c:\users\alexj\onedrive - the university of nottingham\c++\cppcoursework2020-v101\cppcoursework2020-v101\debug\imageobjectdemo.sbr
c:\users\alexj\onedrive - the university of nottingham\c++\cppcoursework2020-v101\cppcoursework2020-v101\debug\invisdisplayableobj.sbr
c:\users\alexj\onedrive - the university of nottingham\c++\cppcoursework2020-v101\cppcoursework2020-v101\debug\jigsawdemo.sbr
c:\users\alexj\onedrive - the university of nottingham\c++\cppcoursework2020-v101\cppcoursework2020-v101\debug\laser.sbr
c:\users\alexj\onedrive - the university of nottingham\c++\cppcoursework2020-v101\cppcoursework2020-v101\debug\leaderboard.sbr
c:\users\alexj\onedrive - the university of nottingham\c++\cppcoursework2020-v101\cppcoursework2020-v101\debug\leaderboard.obj
c:\users\alexj\onedrive - the university of nottingham\c++\cppcoursework2020-v101\cppcoursework2020-v101\debug\laser.obj
c:\users\alexj\onedrive - the university of nottingham\c++\cppcoursework2020-v101\cppcoursework2020-v101\debug\jigsawdemo.obj
c:\users\alexj\onedrive - the university of nottingham\c++\cppcoursework2020-v101\cppcoursework2020-v101\debug\invisdisplayableobj.obj
c:\users\alexj\onedrive - the university of nottingham\c++\cppcoursework2020-v101\cppcoursework2020-v101\debug\imageobjectdemo.obj
c:\users\alexj\onedrive - the university of nottingham\c++\cppcoursework2020-v101\cppcoursework2020-v101\debug\forcerock.obj
c:\users\alexj\onedrive - the university of nottingham\c++\cppcoursework2020-v101\cppcoursework2020-v101\debug\flashingdemo.obj
c:\users\alexj\onedrive - the university of nottingham\c++\cppcoursework2020-v101\cppcoursework2020-v101\debug\explosion.obj
c:\users\alexj\onedrive - the university of nottingham\c++\cppcoursework2020-v101\cppcoursework2020-v101\debug\dscontainer.obj
c:\users\alexj\onedrive - the university of nottingham\c++\cppcoursework2020-v101\cppcoursework2020-v101\debug\drawingsurface.obj
c:\users\alexj\onedrive - the university of nottingham\c++\cppcoursework2020-v101\cppcoursework2020-v101\debug\draggingdemo.obj
c:\users\alexj\onedrive - the university of nottingham\c++\cppcoursework2020-v101\cppcoursework2020-v101\debug\deathstar.obj
c:\users\alexj\onedrive - the university of nottingham\c++\cppcoursework2020-v101\cppcoursework2020-v101\debug\cw4state.obj
c:\users\alexj\onedrive - the university of nottingham\c++\cppcoursework2020-v101\cppcoursework2020-v101\debug\cw4engine.obj
c:\users\alexj\onedrive - the university of nottingham\c++\cppcoursework2020-v101\cppcoursework2020-v101\debug\cw3object.obj
c:\users\alexj\onedrive - the university of nottingham\c++\cppcoursework2020-v101\cppcoursework2020-v101\debug\currscore.obj
c:\users\alexj\onedrive - the university of nottingham\c++\cppcoursework2020-v101\cppcoursework2020-v101\debug\bullet.obj
c:\users\alexj\onedrive - the university of nottingham\c++\cppcoursework2020-v101\cppcoursework2020-v101\debug\basicenemy.obj
c:\users\alexj\onedrive - the university of nottingham\c++\cppcoursework2020-v101\cppcoursework2020-v101\debug\autoobject.obj
c:\users\alexj\onedrive - the university of nottingham\c++\cppcoursework2020-v101\cppcoursework2020-v101\debug\audiocontroller.obj
c:\users\alexj\onedrive - the university of nottingham\c++\cppcoursework2020-v101\cppcoursework2020-v101\debug\lvl2crawl.sbr
c:\users\alexj\onedrive - the university of nottingham\c++\cppcoursework2020-v101\cppcoursework2020-v101\debug\lvl2startstate.sbr
c:\users\alexj\onedrive - the university of nottingham\c++\cppcoursework2020-v101\cppcoursework2020-v101\debug\mainfunction.sbr
c:\users\alexj\onedrive - the university of nottingham\c++\cppcoursework2020-v101\cppcoursework2020-v101\debug\baseengine.sbr
c:\users\alexj\onedrive - the university of nottingham\c++\cppcoursework2020-v101\cppcoursework2020-v101\debug\displayableobject.sbr
c:\users\alexj\onedrive - the university of nottingham\c++\cppcoursework2020-v101\cppcoursework2020-v101\debug\fontmanager.sbr
c:\users\alexj\onedrive - the university of nottingham\c++\cppcoursework2020-v101\cppcoursework2020-v101\debug\imagemappingdemo.sbr
c:\users\alexj\onedrive - the university of nottingham\c++\cppcoursework2020-v101\cppcoursework2020-v101\debug\mydemoa.sbr
c:\users\alexj\onedrive - the university of nottingham\c++\cppcoursework2020-v101\cppcoursework2020-v101\debug\myobjecta.sbr
c:\users\alexj\onedrive - the university of nottingham\c++\cppcoursework2020-v101\cppcoursework2020-v101\debug\mytilemanager.sbr
c:\users\alexj\onedrive - the university of nottingham\c++\cppcoursework2020-v101\cppcoursework2020-v101\debug\pauseobj.sbr
c:\users\alexj\onedrive - the university of nottingham\c++\cppcoursework2020-v101\cppcoursework2020-v101\debug\player.sbr
c:\users\alexj\onedrive - the university of nottingham\c++\cppcoursework2020-v101\cppcoursework2020-v101\debug\ppyajmaengine.sbr
c:\users\alexj\onedrive - the university of nottingham\c++\cppcoursework2020-v101\cppcoursework2020-v101\debug\ppyajmatilemanager.sbr
c:\users\alexj\onedrive - the university of nottingham\c++\cppcoursework2020-v101\cppcoursework2020-v101\debug\rocket.sbr
c:\users\alexj\onedrive - the university of nottingham\c++\cppcoursework2020-v101\cppcoursework2020-v101\debug\runlv1.sbr
c:\users\alexj\onedrive - the university of nottingham\c++\cppcoursework2020-v101\cppcoursework2020-v101\debug\runlv2.sbr
c:\users\alexj\onedrive - the university of nottingham\c++\cppcoursework2020-v101\cppcoursework2020-v101\debug\scorestate.sbr
c:\users\alexj\onedrive - the university of nottingham\c++\cppcoursework2020-v101\cppcoursework2020-v101\debug\shield.sbr
c:\users\alexj\onedrive - the university of nottingham\c++\cppcoursework2020-v101\cppcoursework2020-v101\debug\simpleimage.sbr
c:\users\alexj\onedrive - the university of nottingham\c++\cppcoursework2020-v101\cppcoursework2020-v101\debug\simpleimage.obj
c:\users\alexj\onedrive - the university of nottingham\c++\cppcoursework2020-v101\cppcoursework2020-v101\debug\shield.obj
c:\users\alexj\onedrive - the university of nottingham\c++\cppcoursework2020-v101\cppcoursework2020-v101\debug\scorestate.obj
c:\users\alexj\onedrive - the university of nottingham\c++\cppcoursework2020-v101\cppcoursework2020-v101\debug\runlv2.obj
c:\users\alexj\onedrive - the university of nottingham\c++\cppcoursework2020-v101\cppcoursework2020-v101\debug\runlv1.obj
c:\users\alexj\onedrive - the university of nottingham\c++\cppcoursework2020-v101\cppcoursework2020-v101\debug\rocket.obj
c:\users\alexj\onedrive - the university of nottingham\c++\cppcoursework2020-v101\cppcoursework2020-v101\debug\ppyajmatilemanager.obj
c:\users\alexj\onedrive - the university of nottingham\c++\cppcoursework2020-v101\cppcoursework2020-v101\debug\ppyajmaengine.obj
c:\users\alexj\onedrive - the university of nottingham\c++\cppcoursework2020-v101\cppcoursework2020-v101\debug\player.obj
c:\users\alexj\onedrive - the university of nottingham\c++\cppcoursework2020-v101\cppcoursework2020-v101\debug\pauseobj.obj
c:\users\alexj\onedrive - the university of nottingham\c++\cppcoursework2020-v101\cppcoursework2020-v101\debug\mytilemanager.obj
c:\users\alexj\onedrive - the university of nottingham\c++\cppcoursework2020-v101\cppcoursework2020-v101\debug\myobjecta.obj
c:\users\alexj\onedrive - the university of nottingham\c++\cppcoursework2020-v101\cppcoursework2020-v101\debug\mydemoa.obj
c:\users\alexj\onedrive - the university of nottingham\c++\cppcoursework2020-v101\cppcoursework2020-v101\debug\imagemappingdemo.obj
c:\users\alexj\onedrive - the university of nottingham\c++\cppcoursework2020-v101\cppcoursework2020-v101\debug\fontmanager.obj
c:\users\alexj\onedrive - the university of nottingham\c++\cppcoursework2020-v101\cppcoursework2020-v101\debug\displayableobject.obj
c:\users\alexj\onedrive - the university of nottingham\c++\cppcoursework2020-v101\cppcoursework2020-v101\debug\baseengine.obj
c:\users\alexj\onedrive - the university of nottingham\c++\cppcoursework2020-v101\cppcoursework2020-v101\debug\mainfunction.obj
c:\users\alexj\onedrive - the university of nottingham\c++\cppcoursework2020-v101\cppcoursework2020-v101\debug\lvl2startstate.obj
c:\users\alexj\onedrive - the university of nottingham\c++\cppcoursework2020-v101\cppcoursework2020-v101\debug\lvl2crawl.obj
c:\users\alexj\onedrive - the university of nottingham\c++\cppcoursework2020-v101\cppcoursework2020-v101\debug\jasonsdemoa.sbr
c:\users\alexj\onedrive - the university of nottingham\c++\cppcoursework2020-v101\cppcoursework2020-v101\debug\jasonsobjecta.sbr
c:\users\alexj\onedrive - the university of nottingham\c++\cppcoursework2020-v101\cppcoursework2020-v101\debug\jasonstilemanager.sbr
c:\users\alexj\onedrive - the university of nottingham\c++\cppcoursework2020-v101\cppcoursework2020-v101\debug\playingcardsdemo.sbr
c:\users\alexj\onedrive - the university of nottingham\c++\cppcoursework2020-v101\cppcoursework2020-v101\debug\rawimage.sbr
c:\users\alexj\onedrive - the university of nottingham\c++\cppcoursework2020-v101\cppcoursework2020-v101\debug\simpledemo.sbr
c:\users\alexj\onedrive - the university of nottingham\c++\cppcoursework2020-v101\cppcoursework2020-v101\debug\smallsd.sbr
c:\users\alexj\onedrive - the university of nottingham\c++\cppcoursework2020-v101\cppcoursework2020-v101\debug\stardestroyer.sbr
c:\users\alexj\onedrive - the university of nottingham\c++\cppcoursework2020-v101\cppcoursework2020-v101\debug\starfielddemo.sbr
c:\users\alexj\onedrive - the university of nottingham\c++\cppcoursework2020-v101\cppcoursework2020-v101\debug\startupstate.sbr
c:\users\alexj\onedrive - the university of nottingham\c++\cppcoursework2020-v101\cppcoursework2020-v101\debug\starwarslogo.sbr
c:\users\alexj\onedrive - the university of nottingham\c++\cppcoursework2020-v101\cppcoursework2020-v101\debug\statepaused.sbr
c:\users\alexj\onedrive - the university of nottingham\c++\cppcoursework2020-v101\cppcoursework2020-v101\debug\staterunning.sbr
c:\users\alexj\onedrive - the university of nottingham\c++\cppcoursework2020-v101\cppcoursework2020-v101\debug\tiefighter.sbr
c:\users\alexj\onedrive - the university of nottingham\c++\cppcoursework2020-v101\cppcoursework2020-v101\debug\tilemanager.sbr
c:\users\alexj\onedrive - the university of nottingham\c++\cppcoursework2020-v101\cppcoursework2020-v101\debug\bouncingball.sbr
c:\users\alexj\onedrive - the university of nottingham\c++\cppcoursework2020-v101\cppcoursework2020-v101\debug\bouncingballmain.sbr
c:\users\alexj\onedrive - the university of nottingham\c++\cppcoursework2020-v101\cppcoursework2020-v101\debug\zoomingdemo.sbr
c:\users\alexj\onedrive - the university of nottingham\c++\cppcoursework2020-v101\cppcoursework2020-v101\debug\zoomingdemo.obj
c:\users\alexj\onedrive - the university of nottingham\c++\cppcoursework2020-v101\cppcoursework2020-v101\debug\bouncingballmain.obj
c:\users\alexj\onedrive - the university of nottingham\c++\cppcoursework2020-v101\cppcoursework2020-v101\debug\bouncingball.obj
c:\users\alexj\onedrive - the university of nottingham\c++\cppcoursework2020-v101\cppcoursework2020-v101\debug\tilemanager.obj
c:\users\alexj\onedrive - the university of nottingham\c++\cppcoursework2020-v101\cppcoursework2020-v101\debug\tiefighter.obj
c:\users\alexj\onedrive - the university of nottingham\c++\cppcoursework2020-v101\cppcoursework2020-v101\debug\staterunning.obj
c:\users\alexj\onedrive - the university of nottingham\c++\cppcoursework2020-v101\cppcoursework2020-v101\debug\statepaused.obj
c:\users\alexj\onedrive - the university of nottingham\c++\cppcoursework2020-v101\cppcoursework2020-v101\debug\starwarslogo.obj
c:\users\alexj\onedrive - the university of nottingham\c++\cppcoursework2020-v101\cppcoursework2020-v101\debug\startupstate.obj
c:\users\alexj\onedrive - the university of nottingham\c++\cppcoursework2020-v101\cppcoursework2020-v101\debug\starfielddemo.obj
c:\users\alexj\onedrive - the university of nottingham\c++\cppcoursework2020-v101\cppcoursework2020-v101\debug\stardestroyer.obj
c:\users\alexj\onedrive - the university of nottingham\c++\cppcoursework2020-v101\cppcoursework2020-v101\debug\smallsd.obj
c:\users\alexj\onedrive - the university of nottingham\c++\cppcoursework2020-v101\cppcoursework2020-v101\debug\simpledemo.obj
c:\users\alexj\onedrive - the university of nottingham\c++\cppcoursework2020-v101\cppcoursework2020-v101\debug\rawimage.obj
c:\users\alexj\onedrive - the university of nottingham\c++\cppcoursework2020-v101\cppcoursework2020-v101\debug\playingcardsdemo.obj
c:\users\alexj\onedrive - the university of nottingham\c++\cppcoursework2020-v101\cppcoursework2020-v101\debug\jasonstilemanager.obj
c:\users\alexj\onedrive - the university of nottingham\c++\cppcoursework2020-v101\cppcoursework2020-v101\debug\jasonsobjecta.obj
c:\users\alexj\onedrive - the university of nottingham\c++\cppcoursework2020-v101\cppcoursework2020-v101\debug\jasonsdemoa.obj
c:\users\alexj\onedrive - the university of nottingham\c++\cppcoursework2020-v101\cppcoursework2020-v101\debug\mazedemomain.sbr
c:\users\alexj\onedrive - the university of nottingham\c++\cppcoursework2020-v101\cppcoursework2020-v101\debug\mazedemoobject.sbr
c:\users\alexj\onedrive - the university of nottingham\c++\cppcoursework2020-v101\cppcoursework2020-v101\debug\mazedemotilemanager.sbr
c:\users\alexj\onedrive - the university of nottingham\c++\cppcoursework2020-v101\cppcoursework2020-v101\debug\mazedemotilemanager.obj
c:\users\alexj\onedrive - the university of nottingham\c++\cppcoursework2020-v101\cppcoursework2020-v101\debug\mazedemoobject.obj
c:\users\alexj\onedrive - the university of nottingham\c++\cppcoursework2020-v101\cppcoursework2020-v101\debug\mazedemomain.obj
c:\users\alexj\onedrive - the university of nottingham\c++\cppcoursework2020-v101\cppcoursework2020-v101\debug\courseworkbase2020.ilk
c:\users\alexj\onedrive - the university of nottingham\c++\cppcoursework2020-v101\cppcoursework2020-v101\debug\courseworkbase2020.exe
c:\users\alexj\onedrive - the university of nottingham\c++\cppcoursework2020-v101\cppcoursework2020-v101\src\map
c:\users\alexj\onedrive - the university of nottingham\c++\cppcoursework2020-v101\cppcoursework2020-v101\debug\courseworkbase2020.pdb
c:\users\alexj\onedrive - the university of nottingham\c++\cppcoursework2020-v101\cppcoursework2020-v101\/debug\courseworkbase2020.bsc
c:\users\alexj\onedrive - the university of nottingham\c++\cppcoursework2020-v101\cppcoursework2020-v101\/debug\courseworkbase2020.ilk
c:\users\alexj\onedrive - the university of nottingham\c++\cppcoursework2020-v101\cppcoursework2020-v101\debug\coursewo.63f64093.tlog\bscmake.command.1.tlog
c:\users\alexj\onedrive - the university of nottingham\c++\cppcoursework2020-v101\cppcoursework2020-v101\debug\coursewo.63f64093.tlog\bscmake.read.1.tlog
c:\users\alexj\onedrive - the university of nottingham\c++\cppcoursework2020-v101\cppcoursework2020-v101\debug\coursewo.63f64093.tlog\bscmake.write.1.tlog
c:\users\alexj\onedrive - the university of nottingham\c++\cppcoursework2020-v101\cppcoursework2020-v101\debug\coursewo.63f64093.tlog\cl.command.1.tlog
c:\users\alexj\onedrive - the university of nottingham\c++\cppcoursework2020-v101\cppcoursework2020-v101\debug\coursewo.63f64093.tlog\cl.read.1.tlog
c:\users\alexj\onedrive - the university of nottingham\c++\cppcoursework2020-v101\cppcoursework2020-v101\debug\coursewo.63f64093.tlog\cl.write.1.tlog
c:\users\alexj\onedrive - the university of nottingham\c++\cppcoursework2020-v101\cppcoursework2020-v101\debug\coursewo.63f64093.tlog\link.command.1.tlog
c:\users\alexj\onedrive - the university of nottingham\c++\cppcoursework2020-v101\cppcoursework2020-v101\debug\coursewo.63f64093.tlog\link.read.1.tlog
c:\users\alexj\onedrive - the university of nottingham\c++\cppcoursework2020-v101\cppcoursework2020-v101\debug\coursewo.63f64093.tlog\link.write.1.tlog
